<?xml version="1.0" encoding="UTF-8"?>
<!-- Generated by org.testng.reporters.JUnitXMLReporter -->
<testsuite hostname="W305100K0YLHW" name="Command line test" tests="5" failures="0" timestamp="19 Dec 2017 05:54:00 GMT" time="0.094" errors="0">
  <testcase name="testIfNumberDivisible" time="0.015" classname="com.steerlean.fizzbuzz.DivisibilityRuleTest"/>
  <testcase name="testIfNumberDivisibleZero" time="0.0" classname="com.steerlean.fizzbuzz.DivisibilityRuleTest"/>
  <testcase name="testIfNumberIsNotDivisible" time="0.0" classname="com.steerlean.fizzbuzz.DivisibilityRuleTest"/>
  <testcase name="testRuleConfigerator" time="0.047" classname="com.steerlean.fizzbuzz.RuleConfigeratorTest"/>
  <testcase name="testCreateDivisibilityRule" time="0.0" classname="com.steerlean.fizzbuzz.RuleFactoryTest"/>
</testsuite> <!-- Command line test -->
