<?xml version="1.0" encoding="UTF-8"?>
<testng-results skipped="0" failed="0" total="1" passed="1">
  <reporter-output>
  </reporter-output>
  <suite name="Default suite" duration-ms="32" started-at="2017-12-19T07:36:30Z" finished-at="2017-12-19T07:36:30Z">
    <groups>
    </groups>
    <test name="Default test" duration-ms="32" started-at="2017-12-19T07:36:30Z" finished-at="2017-12-19T07:36:30Z">
      <class name="com.steerlean.fizzbuzz.RulesConfiguratorTest1">
        <test-method status="PASS" signature="testRuleConfigerator()[pri:0, instance:com.steerlean.fizzbuzz.RulesConfiguratorTest1@68bbe345]" name="testRuleConfigerator" duration-ms="16" started-at="2017-12-19T13:06:30Z" finished-at="2017-12-19T13:06:30Z">
          <reporter-output>
          </reporter-output>
        </test-method> <!-- testRuleConfigerator -->
      </class> <!-- com.steerlean.fizzbuzz.RulesConfiguratorTest1 -->
    </test> <!-- Default test -->
  </suite> <!-- Default suite -->
</testng-results>
